User belongs to experiment group 'ShowPlayIcon - start'
User belongs to experiment group 'ShowExtensionSurveyPrompt - control'
User belongs to experiment group 'DebugAdapterFactory - experiment'
User belongs to experiment group 'UseTerminalToGetActivatedEnvVars - control'
User belongs to experiment group 'WebHostNotebook - experiment'
> conda --version
> pyenv root
> python3.7 -c "import sys;print(sys.executable)"
> python3.6 -c "import sys;print(sys.executable)"
> python3 -c "import sys;print(sys.executable)"
> python2 -c "import sys;print(sys.executable)"
> python -c "import sys;print(sys.executable)"
> python -c "import sys;print(sys.executable)"
> conda info --json
> /usr/bin/python ~/.vscode/extensions/ms-python.python-2020.1.58038/pythonFiles/interpreterInfo.py
> /usr/bin/python ~/.vscode/extensions/ms-python.python-2020.1.58038/pythonFiles/interpreterInfo.py
> /usr/bin/python2 ~/.vscode/extensions/ms-python.python-2020.1.58038/pythonFiles/interpreterInfo.py
> /usr/bin/python2 ~/.vscode/extensions/ms-python.python-2020.1.58038/pythonFiles/interpreterInfo.py
> /usr/bin/python2.7 ~/.vscode/extensions/ms-python.python-2020.1.58038/pythonFiles/interpreterInfo.py
> /usr/bin/python2.7 ~/.vscode/extensions/ms-python.python-2020.1.58038/pythonFiles/interpreterInfo.py
> /usr/bin/python3 ~/.vscode/extensions/ms-python.python-2020.1.58038/pythonFiles/interpreterInfo.py
> /usr/bin/python3 ~/.vscode/extensions/ms-python.python-2020.1.58038/pythonFiles/interpreterInfo.py
> /usr/bin/python3.6 ~/.vscode/extensions/ms-python.python-2020.1.58038/pythonFiles/interpreterInfo.py
> /usr/bin/python3.6 ~/.vscode/extensions/ms-python.python-2020.1.58038/pythonFiles/interpreterInfo.py
> /usr/bin/python ~/.vscode/extensions/ms-python.python-2020.1.58038/pythonFiles/interpreterInfo.py
> /usr/bin/python ~/.vscode/extensions/ms-python.python-2020.1.58038/pythonFiles/interpreterInfo.py
> /usr/bin/python2 ~/.vscode/extensions/ms-python.python-2020.1.58038/pythonFiles/interpreterInfo.py
> /usr/bin/python2 ~/.vscode/extensions/ms-python.python-2020.1.58038/pythonFiles/interpreterInfo.py
> /usr/bin/python2.7 ~/.vscode/extensions/ms-python.python-2020.1.58038/pythonFiles/interpreterInfo.py
> /usr/bin/python2.7 ~/.vscode/extensions/ms-python.python-2020.1.58038/pythonFiles/interpreterInfo.py
> /usr/bin/python3 ~/.vscode/extensions/ms-python.python-2020.1.58038/pythonFiles/interpreterInfo.py
> /usr/bin/python3 ~/.vscode/extensions/ms-python.python-2020.1.58038/pythonFiles/interpreterInfo.py
> /usr/bin/python3.6 ~/.vscode/extensions/ms-python.python-2020.1.58038/pythonFiles/interpreterInfo.py
> /usr/bin/python3.6 ~/.vscode/extensions/ms-python.python-2020.1.58038/pythonFiles/interpreterInfo.py
Starting Jedi Python language engine.
> conda --version
> /usr/bin/python3 ~/.vscode/extensions/ms-python.python-2020.1.58038/pythonFiles/interpreterInfo.py
> /usr/bin/python3 ~/.vscode/extensions/ms-python.python-2020.1.58038/pythonFiles/interpreterInfo.py
> /usr/bin/python3 -m pip --version
> /usr/bin/python3 ~/.vscode/extensions/ms-python.python-2020.1.58038/pythonFiles/interpreterInfo.py
> /usr/bin/python3 ~/.vscode/extensions/ms-python.python-2020.1.58038/pythonFiles/interpreterInfo.py
> /usr/bin/python3 -m pip --version
> /usr/bin/python3 ~/.vscode/extensions/ms-python.python-2020.1.58038/pythonFiles/interpreterInfo.py
> /usr/bin/python3 ~/.vscode/extensions/ms-python.python-2020.1.58038/pythonFiles/interpreterInfo.py
> /usr/bin/python3 -m pip --version
Starting Jedi Python language engine.
> /usr/bin/python3 ~/.vscode/extensions/ms-python.python-2020.1.58038/pythonFiles/interpreterInfo.py
> /usr/bin/python3 ~/.vscode/extensions/ms-python.python-2020.1.58038/pythonFiles/interpreterInfo.py
> /usr/bin/python3 -m pip --version
Starting Jedi Python language engine.
> /usr/bin/python3 ~/.vscode/extensions/ms-python.python-2020.1.58038/pythonFiles/interpreterInfo.py
> /usr/bin/python3 ~/.vscode/extensions/ms-python.python-2020.1.58038/pythonFiles/interpreterInfo.py
> /usr/bin/python3 -m pip --version
> /usr/bin/python3 ~/.vscode/extensions/ms-python.python-2020.1.58038/pythonFiles/interpreterInfo.py
> /usr/bin/python3 ~/.vscode/extensions/ms-python.python-2020.1.58038/pythonFiles/interpreterInfo.py
> /usr/bin/python3 -m pip --version
Starting Jedi Python language engine.
> /usr/bin/python3 ~/.vscode/extensions/ms-python.python-2020.1.58038/pythonFiles/interpreterInfo.py
> /usr/bin/python3 ~/.vscode/extensions/ms-python.python-2020.1.58038/pythonFiles/interpreterInfo.py
> /usr/bin/python3 -m pip --version
Starting Jedi Python language engine.
> /usr/bin/python3 ~/.vscode/extensions/ms-python.python-2020.1.58038/pythonFiles/interpreterInfo.py
> /usr/bin/python3 ~/.vscode/extensions/ms-python.python-2020.1.58038/pythonFiles/interpreterInfo.py
> /usr/bin/python3 -m pip --version
